<?xml version="1.0" encoding="UTF-8"?>
<testsuite xmlns:xsi="http://www.w3.org/2001/XMLSchema-instance" xsi:noNamespaceSchemaLocation="https://maven.apache.org/surefire/maven-surefire-plugin/xsd/surefire-test-report.xsd" version="3.0.2" name="TestSuite" time="11.0" tests="16" errors="0" skipped="0" failures="0">
  <properties>
    <property name="java.specification.version" value="21"/>
    <property name="sun.cpu.isalist" value="amd64"/>
    <property name="sun.jnu.encoding" value="Cp1252"/>
    <property name="java.class.path" value="G:\Shubham Automation\RestAssuredFrameword\target\test-classes;G:\Shubham Automation\RestAssuredFrameword\target\classes;C:\Users\KRISHNA\.m2\repository\io\rest-assured\rest-assured\5.5.0\rest-assured-5.5.0.jar;C:\Users\KRISHNA\.m2\repository\org\apache\groovy\groovy\4.0.22\groovy-4.0.22.jar;C:\Users\KRISHNA\.m2\repository\org\apache\groovy\groovy-xml\4.0.22\groovy-xml-4.0.22.jar;C:\Users\KRISHNA\.m2\repository\org\apache\httpcomponents\httpclient\4.5.13\httpclient-4.5.13.jar;C:\Users\KRISHNA\.m2\repository\org\apache\httpcomponents\httpcore\4.4.13\httpcore-4.4.13.jar;C:\Users\KRISHNA\.m2\repository\commons-logging\commons-logging\1.2\commons-logging-1.2.jar;C:\Users\KRISHNA\.m2\repository\org\apache\httpcomponents\httpmime\4.5.13\httpmime-4.5.13.jar;C:\Users\KRISHNA\.m2\repository\org\hamcrest\hamcrest\2.2\hamcrest-2.2.jar;C:\Users\KRISHNA\.m2\repository\org\ccil\cowan\tagsoup\tagsoup\1.2.1\tagsoup-1.2.1.jar;C:\Users\KRISHNA\.m2\repository\io\rest-assured\json-path\5.5.0\json-path-5.5.0.jar;C:\Users\KRISHNA\.m2\repository\org\apache\groovy\groovy-json\4.0.22\groovy-json-4.0.22.jar;C:\Users\KRISHNA\.m2\repository\io\rest-assured\rest-assured-common\5.5.0\rest-assured-common-5.5.0.jar;C:\Users\KRISHNA\.m2\repository\org\json\json\20250107\json-20250107.jar;C:\Users\KRISHNA\.m2\repository\org\testng\testng\7.4.0\testng-7.4.0.jar;C:\Users\KRISHNA\.m2\repository\com\beust\jcommander\1.78\jcommander-1.78.jar;C:\Users\KRISHNA\.m2\repository\org\webjars\jquery\3.5.1\jquery-3.5.1.jar;C:\Users\KRISHNA\.m2\repository\com\github\scribejava\scribejava-apis\8.3.3\scribejava-apis-8.3.3.jar;C:\Users\KRISHNA\.m2\repository\com\github\scribejava\scribejava-core\8.3.3\scribejava-core-8.3.3.jar;C:\Users\KRISHNA\.m2\repository\com\github\scribejava\scribejava-java8\8.3.3\scribejava-java8-8.3.3.jar;C:\Users\KRISHNA\.m2\repository\com\fasterxml\jackson\core\jackson-databind\2.14.0\jackson-databind-2.14.0.jar;C:\Users\KRISHNA\.m2\repository\com\fasterxml\jackson\core\jackson-annotations\2.14.0\jackson-annotations-2.14.0.jar;C:\Users\KRISHNA\.m2\repository\com\fasterxml\jackson\core\jackson-core\2.14.0\jackson-core-2.14.0.jar;C:\Users\KRISHNA\.m2\repository\io\rest-assured\json-schema-validator\5.5.0\json-schema-validator-5.5.0.jar;C:\Users\KRISHNA\.m2\repository\com\github\java-json-tools\json-schema-validator\2.2.14\json-schema-validator-2.2.14.jar;C:\Users\KRISHNA\.m2\repository\com\github\java-json-tools\jackson-coreutils-equivalence\1.0\jackson-coreutils-equivalence-1.0.jar;C:\Users\KRISHNA\.m2\repository\com\github\java-json-tools\jackson-coreutils\2.0\jackson-coreutils-2.0.jar;C:\Users\KRISHNA\.m2\repository\com\github\java-json-tools\msg-simple\1.2\msg-simple-1.2.jar;C:\Users\KRISHNA\.m2\repository\com\github\java-json-tools\btf\1.3\btf-1.3.jar;C:\Users\KRISHNA\.m2\repository\com\github\java-json-tools\json-schema-core\1.2.14\json-schema-core-1.2.14.jar;C:\Users\KRISHNA\.m2\repository\com\github\java-json-tools\uri-template\0.10\uri-template-0.10.jar;C:\Users\KRISHNA\.m2\repository\org\mozilla\rhino\1.7.7.2\rhino-1.7.7.2.jar;C:\Users\KRISHNA\.m2\repository\com\sun\mail\mailapi\1.6.2\mailapi-1.6.2.jar;C:\Users\KRISHNA\.m2\repository\joda-time\joda-time\2.10.5\joda-time-2.10.5.jar;C:\Users\KRISHNA\.m2\repository\com\googlecode\libphonenumber\libphonenumber\8.11.1\libphonenumber-8.11.1.jar;C:\Users\KRISHNA\.m2\repository\com\google\code\findbugs\jsr305\3.0.2\jsr305-3.0.2.jar;C:\Users\KRISHNA\.m2\repository\net\sf\jopt-simple\jopt-simple\5.0.4\jopt-simple-5.0.4.jar;C:\Users\KRISHNA\.m2\repository\com\google\guava\guava\33.2.1-jre\guava-33.2.1-jre.jar;C:\Users\KRISHNA\.m2\repository\com\google\guava\failureaccess\1.0.2\failureaccess-1.0.2.jar;C:\Users\KRISHNA\.m2\repository\com\google\guava\listenablefuture\9999.0-empty-to-avoid-conflict-with-guava\listenablefuture-9999.0-empty-to-avoid-conflict-with-guava.jar;C:\Users\KRISHNA\.m2\repository\org\checkerframework\checker-qual\3.42.0\checker-qual-3.42.0.jar;C:\Users\KRISHNA\.m2\repository\com\google\errorprone\error_prone_annotations\2.26.1\error_prone_annotations-2.26.1.jar;C:\Users\KRISHNA\.m2\repository\com\google\j2objc\j2objc-annotations\3.0.0\j2objc-annotations-3.0.0.jar;C:\Users\KRISHNA\.m2\repository\io\rest-assured\xml-path\5.5.0\xml-path-5.5.0.jar;C:\Users\KRISHNA\.m2\repository\org\apache\commons\commons-lang3\3.11\commons-lang3-3.11.jar;C:\Users\KRISHNA\.m2\repository\com\github\javafaker\javafaker\1.0.2\javafaker-1.0.2.jar;C:\Users\KRISHNA\.m2\repository\org\yaml\snakeyaml\1.23\snakeyaml-1.23-android.jar;C:\Users\KRISHNA\.m2\repository\com\github\mifmif\generex\1.0.2\generex-1.0.2.jar;C:\Users\KRISHNA\.m2\repository\dk\brics\automaton\automaton\1.11-8\automaton-1.11-8.jar;C:\Users\KRISHNA\.m2\repository\com\aventstack\extentreports\5.1.2\extentreports-5.1.2.jar;C:\Users\KRISHNA\.m2\repository\io\reactivex\rxjava3\rxjava\3.1.6\rxjava-3.1.6.jar;C:\Users\KRISHNA\.m2\repository\org\reactivestreams\reactive-streams\1.0.4\reactive-streams-1.0.4.jar;C:\Users\KRISHNA\.m2\repository\org\freemarker\freemarker\2.3.32\freemarker-2.3.32.jar;C:\Users\KRISHNA\.m2\repository\org\projectlombok\lombok\1.18.26\lombok-1.18.26.jar;C:\Users\KRISHNA\.m2\repository\com\google\code\gson\gson\2.10.1\gson-2.10.1.jar;C:\Users\KRISHNA\.m2\repository\org\apache\poi\poi\5.2.3\poi-5.2.3.jar;C:\Users\KRISHNA\.m2\repository\commons-codec\commons-codec\1.15\commons-codec-1.15.jar;C:\Users\KRISHNA\.m2\repository\org\apache\commons\commons-collections4\4.4\commons-collections4-4.4.jar;C:\Users\KRISHNA\.m2\repository\org\apache\commons\commons-math3\3.6.1\commons-math3-3.6.1.jar;C:\Users\KRISHNA\.m2\repository\commons-io\commons-io\2.11.0\commons-io-2.11.0.jar;C:\Users\KRISHNA\.m2\repository\com\zaxxer\SparseBitSet\1.2\SparseBitSet-1.2.jar;C:\Users\KRISHNA\.m2\repository\org\apache\poi\poi-ooxml\5.2.3\poi-ooxml-5.2.3.jar;C:\Users\KRISHNA\.m2\repository\org\apache\poi\poi-ooxml-lite\5.2.3\poi-ooxml-lite-5.2.3.jar;C:\Users\KRISHNA\.m2\repository\org\apache\xmlbeans\xmlbeans\5.1.1\xmlbeans-5.1.1.jar;C:\Users\KRISHNA\.m2\repository\org\apache\commons\commons-compress\1.21\commons-compress-1.21.jar;C:\Users\KRISHNA\.m2\repository\com\github\virtuald\curvesapi\1.07\curvesapi-1.07.jar;C:\Users\KRISHNA\.m2\repository\org\apache\poi\poi-ooxml-schemas\4.1.2\poi-ooxml-schemas-4.1.2.jar;C:\Users\KRISHNA\.m2\repository\org\apache\logging\log4j\log4j-core\2.24.3\log4j-core-2.24.3.jar;C:\Users\KRISHNA\.m2\repository\org\apache\logging\log4j\log4j-api\2.24.3\log4j-api-2.24.3.jar;C:\Users\KRISHNA\.m2\repository\com\google\inject\guice\4.1.0\guice-4.1.0.jar;C:\Users\KRISHNA\.m2\repository\javax\inject\javax.inject\1\javax.inject-1.jar;C:\Users\KRISHNA\.m2\repository\aopalliance\aopalliance\1.0\aopalliance-1.0.jar;"/>
    <property name="java.vm.vendor" value="Oracle Corporation"/>
    <property name="sun.arch.data.model" value="64"/>
    <property name="user.variant" value=""/>
    <property name="java.vendor.url" value="https://java.oracle.com/"/>
    <property name="user.timezone" value="Asia/Calcutta"/>
    <property name="os.name" value="Windows 10"/>
    <property name="java.vm.specification.version" value="21"/>
    <property name="sun.java.launcher" value="SUN_STANDARD"/>
    <property name="user.country" value="US"/>
    <property name="sun.boot.library.path" value="C:\Program Files\Java\jdk-21\bin"/>
    <property name="sun.java.command" value="C:\Users\KRISHNA\AppData\Local\Temp\surefire12023212024497940684\surefirebooter-20250218191847156_3.jar C:\Users\KRISHNA\AppData\Local\Temp\surefire12023212024497940684 2025-02-18T19-18-46_898-jvmRun1 surefire-20250218191847156_1tmp surefire_0-20250218191847156_2tmp"/>
    <property name="jdk.debug" value="release"/>
    <property name="surefire.test.class.path" value="G:\Shubham Automation\RestAssuredFrameword\target\test-classes;G:\Shubham Automation\RestAssuredFrameword\target\classes;C:\Users\KRISHNA\.m2\repository\io\rest-assured\rest-assured\5.5.0\rest-assured-5.5.0.jar;C:\Users\KRISHNA\.m2\repository\org\apache\groovy\groovy\4.0.22\groovy-4.0.22.jar;C:\Users\KRISHNA\.m2\repository\org\apache\groovy\groovy-xml\4.0.22\groovy-xml-4.0.22.jar;C:\Users\KRISHNA\.m2\repository\org\apache\httpcomponents\httpclient\4.5.13\httpclient-4.5.13.jar;C:\Users\KRISHNA\.m2\repository\org\apache\httpcomponents\httpcore\4.4.13\httpcore-4.4.13.jar;C:\Users\KRISHNA\.m2\repository\commons-logging\commons-logging\1.2\commons-logging-1.2.jar;C:\Users\KRISHNA\.m2\repository\org\apache\httpcomponents\httpmime\4.5.13\httpmime-4.5.13.jar;C:\Users\KRISHNA\.m2\repository\org\hamcrest\hamcrest\2.2\hamcrest-2.2.jar;C:\Users\KRISHNA\.m2\repository\org\ccil\cowan\tagsoup\tagsoup\1.2.1\tagsoup-1.2.1.jar;C:\Users\KRISHNA\.m2\repository\io\rest-assured\json-path\5.5.0\json-path-5.5.0.jar;C:\Users\KRISHNA\.m2\repository\org\apache\groovy\groovy-json\4.0.22\groovy-json-4.0.22.jar;C:\Users\KRISHNA\.m2\repository\io\rest-assured\rest-assured-common\5.5.0\rest-assured-common-5.5.0.jar;C:\Users\KRISHNA\.m2\repository\org\json\json\20250107\json-20250107.jar;C:\Users\KRISHNA\.m2\repository\org\testng\testng\7.4.0\testng-7.4.0.jar;C:\Users\KRISHNA\.m2\repository\com\beust\jcommander\1.78\jcommander-1.78.jar;C:\Users\KRISHNA\.m2\repository\org\webjars\jquery\3.5.1\jquery-3.5.1.jar;C:\Users\KRISHNA\.m2\repository\com\github\scribejava\scribejava-apis\8.3.3\scribejava-apis-8.3.3.jar;C:\Users\KRISHNA\.m2\repository\com\github\scribejava\scribejava-core\8.3.3\scribejava-core-8.3.3.jar;C:\Users\KRISHNA\.m2\repository\com\github\scribejava\scribejava-java8\8.3.3\scribejava-java8-8.3.3.jar;C:\Users\KRISHNA\.m2\repository\com\fasterxml\jackson\core\jackson-databind\2.14.0\jackson-databind-2.14.0.jar;C:\Users\KRISHNA\.m2\repository\com\fasterxml\jackson\core\jackson-annotations\2.14.0\jackson-annotations-2.14.0.jar;C:\Users\KRISHNA\.m2\repository\com\fasterxml\jackson\core\jackson-core\2.14.0\jackson-core-2.14.0.jar;C:\Users\KRISHNA\.m2\repository\io\rest-assured\json-schema-validator\5.5.0\json-schema-validator-5.5.0.jar;C:\Users\KRISHNA\.m2\repository\com\github\java-json-tools\json-schema-validator\2.2.14\json-schema-validator-2.2.14.jar;C:\Users\KRISHNA\.m2\repository\com\github\java-json-tools\jackson-coreutils-equivalence\1.0\jackson-coreutils-equivalence-1.0.jar;C:\Users\KRISHNA\.m2\repository\com\github\java-json-tools\jackson-coreutils\2.0\jackson-coreutils-2.0.jar;C:\Users\KRISHNA\.m2\repository\com\github\java-json-tools\msg-simple\1.2\msg-simple-1.2.jar;C:\Users\KRISHNA\.m2\repository\com\github\java-json-tools\btf\1.3\btf-1.3.jar;C:\Users\KRISHNA\.m2\repository\com\github\java-json-tools\json-schema-core\1.2.14\json-schema-core-1.2.14.jar;C:\Users\KRISHNA\.m2\repository\com\github\java-json-tools\uri-template\0.10\uri-template-0.10.jar;C:\Users\KRISHNA\.m2\repository\org\mozilla\rhino\1.7.7.2\rhino-1.7.7.2.jar;C:\Users\KRISHNA\.m2\repository\com\sun\mail\mailapi\1.6.2\mailapi-1.6.2.jar;C:\Users\KRISHNA\.m2\repository\joda-time\joda-time\2.10.5\joda-time-2.10.5.jar;C:\Users\KRISHNA\.m2\repository\com\googlecode\libphonenumber\libphonenumber\8.11.1\libphonenumber-8.11.1.jar;C:\Users\KRISHNA\.m2\repository\com\google\code\findbugs\jsr305\3.0.2\jsr305-3.0.2.jar;C:\Users\KRISHNA\.m2\repository\net\sf\jopt-simple\jopt-simple\5.0.4\jopt-simple-5.0.4.jar;C:\Users\KRISHNA\.m2\repository\com\google\guava\guava\33.2.1-jre\guava-33.2.1-jre.jar;C:\Users\KRISHNA\.m2\repository\com\google\guava\failureaccess\1.0.2\failureaccess-1.0.2.jar;C:\Users\KRISHNA\.m2\repository\com\google\guava\listenablefuture\9999.0-empty-to-avoid-conflict-with-guava\listenablefuture-9999.0-empty-to-avoid-conflict-with-guava.jar;C:\Users\KRISHNA\.m2\repository\org\checkerframework\checker-qual\3.42.0\checker-qual-3.42.0.jar;C:\Users\KRISHNA\.m2\repository\com\google\errorprone\error_prone_annotations\2.26.1\error_prone_annotations-2.26.1.jar;C:\Users\KRISHNA\.m2\repository\com\google\j2objc\j2objc-annotations\3.0.0\j2objc-annotations-3.0.0.jar;C:\Users\KRISHNA\.m2\repository\io\rest-assured\xml-path\5.5.0\xml-path-5.5.0.jar;C:\Users\KRISHNA\.m2\repository\org\apache\commons\commons-lang3\3.11\commons-lang3-3.11.jar;C:\Users\KRISHNA\.m2\repository\com\github\javafaker\javafaker\1.0.2\javafaker-1.0.2.jar;C:\Users\KRISHNA\.m2\repository\org\yaml\snakeyaml\1.23\snakeyaml-1.23-android.jar;C:\Users\KRISHNA\.m2\repository\com\github\mifmif\generex\1.0.2\generex-1.0.2.jar;C:\Users\KRISHNA\.m2\repository\dk\brics\automaton\automaton\1.11-8\automaton-1.11-8.jar;C:\Users\KRISHNA\.m2\repository\com\aventstack\extentreports\5.1.2\extentreports-5.1.2.jar;C:\Users\KRISHNA\.m2\repository\io\reactivex\rxjava3\rxjava\3.1.6\rxjava-3.1.6.jar;C:\Users\KRISHNA\.m2\repository\org\reactivestreams\reactive-streams\1.0.4\reactive-streams-1.0.4.jar;C:\Users\KRISHNA\.m2\repository\org\freemarker\freemarker\2.3.32\freemarker-2.3.32.jar;C:\Users\KRISHNA\.m2\repository\org\projectlombok\lombok\1.18.26\lombok-1.18.26.jar;C:\Users\KRISHNA\.m2\repository\com\google\code\gson\gson\2.10.1\gson-2.10.1.jar;C:\Users\KRISHNA\.m2\repository\org\apache\poi\poi\5.2.3\poi-5.2.3.jar;C:\Users\KRISHNA\.m2\repository\commons-codec\commons-codec\1.15\commons-codec-1.15.jar;C:\Users\KRISHNA\.m2\repository\org\apache\commons\commons-collections4\4.4\commons-collections4-4.4.jar;C:\Users\KRISHNA\.m2\repository\org\apache\commons\commons-math3\3.6.1\commons-math3-3.6.1.jar;C:\Users\KRISHNA\.m2\repository\commons-io\commons-io\2.11.0\commons-io-2.11.0.jar;C:\Users\KRISHNA\.m2\repository\com\zaxxer\SparseBitSet\1.2\SparseBitSet-1.2.jar;C:\Users\KRISHNA\.m2\repository\org\apache\poi\poi-ooxml\5.2.3\poi-ooxml-5.2.3.jar;C:\Users\KRISHNA\.m2\repository\org\apache\poi\poi-ooxml-lite\5.2.3\poi-ooxml-lite-5.2.3.jar;C:\Users\KRISHNA\.m2\repository\org\apache\xmlbeans\xmlbeans\5.1.1\xmlbeans-5.1.1.jar;C:\Users\KRISHNA\.m2\repository\org\apache\commons\commons-compress\1.21\commons-compress-1.21.jar;C:\Users\KRISHNA\.m2\repository\com\github\virtuald\curvesapi\1.07\curvesapi-1.07.jar;C:\Users\KRISHNA\.m2\repository\org\apache\poi\poi-ooxml-schemas\4.1.2\poi-ooxml-schemas-4.1.2.jar;C:\Users\KRISHNA\.m2\repository\org\apache\logging\log4j\log4j-core\2.24.3\log4j-core-2.24.3.jar;C:\Users\KRISHNA\.m2\repository\org\apache\logging\log4j\log4j-api\2.24.3\log4j-api-2.24.3.jar;C:\Users\KRISHNA\.m2\repository\com\google\inject\guice\4.1.0\guice-4.1.0.jar;C:\Users\KRISHNA\.m2\repository\javax\inject\javax.inject\1\javax.inject-1.jar;C:\Users\KRISHNA\.m2\repository\aopalliance\aopalliance\1.0\aopalliance-1.0.jar;"/>
    <property name="sun.cpu.endian" value="little"/>
    <property name="user.home" value="C:\Users\KRISHNA"/>
    <property name="user.language" value="en"/>
    <property name="java.specification.vendor" value="Oracle Corporation"/>
    <property name="java.version.date" value="2024-01-16"/>
    <property name="java.home" value="C:\Program Files\Java\jdk-21"/>
    <property name="file.separator" value="\"/>
    <property name="basedir" value="G:\Shubham Automation\RestAssuredFrameword"/>
    <property name="java.vm.compressedOopsMode" value="32-bit"/>
    <property name="line.separator" value="&#10;"/>
    <property name="java.vm.specification.vendor" value="Oracle Corporation"/>
    <property name="java.specification.name" value="Java Platform API Specification"/>
    <property name="surefire.real.class.path" value="C:\Users\KRISHNA\AppData\Local\Temp\surefire12023212024497940684\surefirebooter-20250218191847156_3.jar"/>
    <property name="user.script" value=""/>
    <property name="sun.management.compiler" value="HotSpot 64-Bit Tiered Compilers"/>
    <property name="java.runtime.version" value="21.0.2+13-LTS-58"/>
    <property name="user.name" value="KRISHNA"/>
    <property name="stdout.encoding" value="Cp1252"/>
    <property name="path.separator" value=";"/>
    <property name="os.version" value="10.0"/>
    <property name="java.runtime.name" value="Java(TM) SE Runtime Environment"/>
    <property name="file.encoding" value="UTF-8"/>
    <property name="java.vm.name" value="Java HotSpot(TM) 64-Bit Server VM"/>
    <property name="localRepository" value="C:\Users\KRISHNA\.m2\repository"/>
    <property name="java.vendor.url.bug" value="https://bugreport.java.com/bugreport/"/>
    <property name="java.io.tmpdir" value="C:\Users\KRISHNA\AppData\Local\Temp\"/>
    <property name="java.version" value="21.0.2"/>
    <property name="user.dir" value="G:\Shubham Automation\RestAssuredFrameword"/>
    <property name="os.arch" value="amd64"/>
    <property name="java.vm.specification.name" value="Java Virtual Machine Specification"/>
    <property name="sun.os.patch.level" value=""/>
    <property name="native.encoding" value="Cp1252"/>
    <property name="java.library.path" value="C:\Program Files\Java\jdk-21\bin;C:\WINDOWS\Sun\Java\bin;C:\WINDOWS\system32;C:\WINDOWS;C:\Program Files (x86)\TRICENTIS\Tosca Testsuite\ToscaCommander;;C:\Program Files\Common Files\Oracle\Java\javapath;C:\WINDOWS\system32;C:\WINDOWS;C:\WINDOWS\System32\Wbem;C:\WINDOWS\System32\WindowsPowerShell\v1.0\;C:\WINDOWS\System32\OpenSSH\;G:\SarthakFilese\apache-maven-3.9.6-bin\apache-maven-3.9.6\bin\bin;C:\Program Files\Java\jdk-21\bin;G:\AllFile\allure-2.27.0 (1)\allure-2.27.0\bin;Jenkins_Home;C:\Program Files\Git\bin\cmd;C:\Program Files\Git\bin\sh;C:\Program Files\dotnet\;C:\Program Files\Git\;C:\Program Files\Git\cmd\;C:\Program Files\nodejs\;C:\Program Files\nodejs\node_modules;C:\apache-maven-3.9.9\bin;C:\Users\KRISHNA\AppData\Local\Programs\Python\Python39\Scripts\;C:\Users\KRISHNA\AppData\Local\Programs\Python\Python39\;C:\Users\KRISHNA\AppData\Local\Microsoft\WindowsApps;C:\Users\KRISHNA\AppData\Local\Programs\Microsoft VS Code\bin;C:\Users\KRISHNA\Downloads\flutter_windows_3.7.8-stable\flutter\bin;C:\Users\KRISHNA\.dotnet\tools;C:\Users\KRISHNA\AppData\Roaming\npm;."/>
    <property name="java.vm.info" value="mixed mode, sharing"/>
    <property name="stderr.encoding" value="Cp1252"/>
    <property name="java.vendor" value="Oracle Corporation"/>
    <property name="java.vm.version" value="21.0.2+13-LTS-58"/>
    <property name="sun.io.unicode.encoding" value="UnicodeLittle"/>
    <property name="java.class.version" value="65.0"/>
  </properties>
  <testcase name="testPostUser[{age=21, subjects=history,bio,chem, name=John, grade=8t, id=1001.0}](1)" classname="api.test.StudentTestsDataDriven" time="4.381">
    <system-out><![CDATA[2025-02-18T13:48:49.865620200Z main ERROR Unrecognized format specifier []
2025-02-18T13:48:49.872619800Z main ERROR Empty conversion specifier starting at position 20 in conversion pattern.
HTTP/1.1 201 Created
X-Powered-By: tinyhttp
Access-Control-Allow-Origin: *
Access-Control-Allow-Methods: GET, HEAD, PUT, PATCH, POST, DELETE
Access-Control-Allow-Headers: content-type
Content-Type: application/json
Date: Tue, 18 Feb 2025 13:48:55 GMT
Connection: keep-alive
Keep-Alive: timeout=5
Content-Length: 126

{
    "id": "1001.0",
    "name": "John",
    "grade": "8t",
    "age": 21,
    "subjects": [
        "history",
        "bio",
        "chem"
    ]
}
]]></system-out>
  </testcase>
  <testcase name="testPostUser[{age=22, subjects=math,scienr, name=sina, grade=9th, id=1002.0}](2)" classname="api.test.StudentTestsDataDriven" time="0.046">
    <system-out><![CDATA[HTTP/1.1 201 Created
X-Powered-By: tinyhttp
Access-Control-Allow-Origin: *
Access-Control-Allow-Methods: GET, HEAD, PUT, PATCH, POST, DELETE
Access-Control-Allow-Headers: content-type
Content-Type: application/json
Date: Tue, 18 Feb 2025 13:48:55 GMT
Connection: keep-alive
Keep-Alive: timeout=5
Content-Length: 115

{
    "id": "1002.0",
    "name": "sina",
    "grade": "9th",
    "age": 22,
    "subjects": [
        "math",
        "scienr"
    ]
}
]]></system-out>
  </testcase>
  <testcase name="testPostUser[{age=18, subjects=bio,math, name=ket, grade=10t, id=1003.0}](3)" classname="api.test.StudentTestsDataDriven" time="0.119">
    <system-out><![CDATA[HTTP/1.1 201 Created
X-Powered-By: tinyhttp
Access-Control-Allow-Origin: *
Access-Control-Allow-Methods: GET, HEAD, PUT, PATCH, POST, DELETE
Access-Control-Allow-Headers: content-type
Content-Type: application/json
Date: Tue, 18 Feb 2025 13:48:55 GMT
Connection: keep-alive
Keep-Alive: timeout=5
Content-Length: 111

{
    "id": "1003.0",
    "name": "ket",
    "grade": "10t",
    "age": 18,
    "subjects": [
        "bio",
        "math"
    ]
}
]]></system-out>
  </testcase>
  <testcase name="testPostUser[{age=15, subjects=physics,eco, name=nss, grade=12rt, id=1004.0}](4)" classname="api.test.StudentTestsDataDriven" time="0.019">
    <system-out><![CDATA[HTTP/1.1 201 Created
X-Powered-By: tinyhttp
Access-Control-Allow-Origin: *
Access-Control-Allow-Methods: GET, HEAD, PUT, PATCH, POST, DELETE
Access-Control-Allow-Headers: content-type
Content-Type: application/json
Date: Tue, 18 Feb 2025 13:48:55 GMT
Connection: keep-alive
Keep-Alive: timeout=5
Content-Length: 115

{
    "id": "1004.0",
    "name": "nss",
    "grade": "12rt",
    "age": 15,
    "subjects": [
        "physics",
        "eco"
    ]
}
]]></system-out>
  </testcase>
  <testcase name="testGetUserById[{age=21, subjects=history,bio,chem, name=John, grade=8t, id=1001.0}](1)" classname="api.test.StudentTestsDataDriven" time="0.163">
    <system-out><![CDATA[HTTP/1.1 200 OK
X-Powered-By: tinyhttp
Access-Control-Allow-Origin: *
Access-Control-Allow-Methods: GET, HEAD, PUT, PATCH, POST, DELETE
Access-Control-Allow-Headers: content-type
Content-Type: application/json
Date: Tue, 18 Feb 2025 13:48:56 GMT
Connection: keep-alive
Keep-Alive: timeout=5
Content-Length: 126

{
    "id": "1001.0",
    "name": "John",
    "grade": "8t",
    "age": 21,
    "subjects": [
        "history",
        "bio",
        "chem"
    ]
}
]]></system-out>
  </testcase>
  <testcase name="testGetUserById[{age=22, subjects=math,scienr, name=sina, grade=9th, id=1002.0}](2)" classname="api.test.StudentTestsDataDriven" time="0.007">
    <system-out><![CDATA[HTTP/1.1 200 OK
X-Powered-By: tinyhttp
Access-Control-Allow-Origin: *
Access-Control-Allow-Methods: GET, HEAD, PUT, PATCH, POST, DELETE
Access-Control-Allow-Headers: content-type
Content-Type: application/json
Date: Tue, 18 Feb 2025 13:48:56 GMT
Connection: keep-alive
Keep-Alive: timeout=5
Content-Length: 115

{
    "id": "1002.0",
    "name": "sina",
    "grade": "9th",
    "age": 22,
    "subjects": [
        "math",
        "scienr"
    ]
}
]]></system-out>
  </testcase>
  <testcase name="testGetUserById[{age=18, subjects=bio,math, name=ket, grade=10t, id=1003.0}](3)" classname="api.test.StudentTestsDataDriven" time="0.025">
    <system-out><![CDATA[HTTP/1.1 200 OK
X-Powered-By: tinyhttp
Access-Control-Allow-Origin: *
Access-Control-Allow-Methods: GET, HEAD, PUT, PATCH, POST, DELETE
Access-Control-Allow-Headers: content-type
Content-Type: application/json
Date: Tue, 18 Feb 2025 13:48:56 GMT
Connection: keep-alive
Keep-Alive: timeout=5
Content-Length: 111

{
    "id": "1003.0",
    "name": "ket",
    "grade": "10t",
    "age": 18,
    "subjects": [
        "bio",
        "math"
    ]
}
]]></system-out>
  </testcase>
  <testcase name="testGetUserById[{age=15, subjects=physics,eco, name=nss, grade=12rt, id=1004.0}](4)" classname="api.test.StudentTestsDataDriven" time="0.028">
    <system-out><![CDATA[HTTP/1.1 200 OK
X-Powered-By: tinyhttp
Access-Control-Allow-Origin: *
Access-Control-Allow-Methods: GET, HEAD, PUT, PATCH, POST, DELETE
Access-Control-Allow-Headers: content-type
Content-Type: application/json
Date: Tue, 18 Feb 2025 13:48:56 GMT
Connection: keep-alive
Keep-Alive: timeout=5
Content-Length: 115

{
    "id": "1004.0",
    "name": "nss",
    "grade": "12rt",
    "age": 15,
    "subjects": [
        "physics",
        "eco"
    ]
}
]]></system-out>
  </testcase>
  <testcase name="testDeleteStudentById[{age=21, subjects=history,bio,chem, name=John, grade=8t, id=1001.0}](1)" classname="api.test.StudentTestsDataDriven" time="0.149">
    <system-out><![CDATA[HTTP/1.1 200 OK
X-Powered-By: tinyhttp
Access-Control-Allow-Origin: *
Access-Control-Allow-Methods: GET, HEAD, PUT, PATCH, POST, DELETE
Access-Control-Allow-Headers: content-type
Content-Type: application/json
Date: Tue, 18 Feb 2025 13:48:56 GMT
Connection: keep-alive
Keep-Alive: timeout=5
Content-Length: 126

{
    "id": "1001.0",
    "name": "John",
    "grade": "8t",
    "age": 21,
    "subjects": [
        "history",
        "bio",
        "chem"
    ]
}
]]></system-out>
  </testcase>
  <testcase name="testDeleteStudentById[{age=22, subjects=math,scienr, name=sina, grade=9th, id=1002.0}](2)" classname="api.test.StudentTestsDataDriven" time="0.148">
    <system-out><![CDATA[HTTP/1.1 200 OK
X-Powered-By: tinyhttp
Access-Control-Allow-Origin: *
Access-Control-Allow-Methods: GET, HEAD, PUT, PATCH, POST, DELETE
Access-Control-Allow-Headers: content-type
Content-Type: application/json
Date: Tue, 18 Feb 2025 13:48:56 GMT
Connection: keep-alive
Keep-Alive: timeout=5
Content-Length: 115

{
    "id": "1002.0",
    "name": "sina",
    "grade": "9th",
    "age": 22,
    "subjects": [
        "math",
        "scienr"
    ]
}
]]></system-out>
  </testcase>
  <testcase name="testDeleteStudentById[{age=18, subjects=bio,math, name=ket, grade=10t, id=1003.0}](3)" classname="api.test.StudentTestsDataDriven" time="0.065">
    <system-out><![CDATA[HTTP/1.1 200 OK
X-Powered-By: tinyhttp
Access-Control-Allow-Origin: *
Access-Control-Allow-Methods: GET, HEAD, PUT, PATCH, POST, DELETE
Access-Control-Allow-Headers: content-type
Content-Type: application/json
Date: Tue, 18 Feb 2025 13:48:56 GMT
Connection: keep-alive
Keep-Alive: timeout=5
Content-Length: 111

{
    "id": "1003.0",
    "name": "ket",
    "grade": "10t",
    "age": 18,
    "subjects": [
        "bio",
        "math"
    ]
}
]]></system-out>
  </testcase>
  <testcase name="testDeleteStudentById[{age=15, subjects=physics,eco, name=nss, grade=12rt, id=1004.0}](4)" classname="api.test.StudentTestsDataDriven" time="0.096">
    <system-out><![CDATA[HTTP/1.1 200 OK
X-Powered-By: tinyhttp
Access-Control-Allow-Origin: *
Access-Control-Allow-Methods: GET, HEAD, PUT, PATCH, POST, DELETE
Access-Control-Allow-Headers: content-type
Content-Type: application/json
Date: Tue, 18 Feb 2025 13:48:56 GMT
Connection: keep-alive
Keep-Alive: timeout=5
Content-Length: 115

{
    "id": "1004.0",
    "name": "nss",
    "grade": "12rt",
    "age": 15,
    "subjects": [
        "physics",
        "eco"
    ]
}
]]></system-out>
  </testcase>
  <testcase name="testPostUser" classname="api.test.StudentTests" time="0.136">
    <system-out><![CDATA[HTTP/1.1 201 Created
X-Powered-By: tinyhttp
Access-Control-Allow-Origin: *
Access-Control-Allow-Methods: GET, HEAD, PUT, PATCH, POST, DELETE
Access-Control-Allow-Headers: content-type
Content-Type: application/json
Date: Tue, 18 Feb 2025 13:48:57 GMT
Connection: keep-alive
Keep-Alive: timeout=5
Content-Length: 181

{
    "id": "1107034244",
    "name": "helena.bernier",
    "grade": "Willow Rosenberg",
    "age": 1107034244,
    "subjects": [
        "Crime/Detective",
        "Short story",
        "Fantasy"
    ]
}
]]></system-out>
  </testcase>
  <testcase name="testGetUserById" classname="api.test.StudentTests" time="0.11">
    <system-out><![CDATA[HTTP/1.1 200 OK
X-Powered-By: tinyhttp
Access-Control-Allow-Origin: *
Access-Control-Allow-Methods: GET, HEAD, PUT, PATCH, POST, DELETE
Access-Control-Allow-Headers: content-type
Content-Type: application/json
Date: Tue, 18 Feb 2025 13:48:57 GMT
Connection: keep-alive
Keep-Alive: timeout=5
Content-Length: 181

{
    "id": "1107034244",
    "name": "helena.bernier",
    "grade": "Willow Rosenberg",
    "age": 1107034244,
    "subjects": [
        "Crime/Detective",
        "Short story",
        "Fantasy"
    ]
}
]]></system-out>
  </testcase>
  <testcase name="testUpdateUserById" classname="api.test.StudentTests" time="0.209">
    <system-out><![CDATA[{
    "name": "danette.murazik",
    "grade": "Amy Madison",
    "id": "1107034244",
    "age": 1107034244,
    "subjects": [
        "Crime/Detective",
        "Short story",
        "Fantasy"
    ]
}
HTTP/1.1 200 OK
X-Powered-By: tinyhttp
Access-Control-Allow-Origin: *
Access-Control-Allow-Methods: GET, HEAD, PUT, PATCH, POST, DELETE
Access-Control-Allow-Headers: content-type
Content-Type: application/json
Date: Tue, 18 Feb 2025 13:48:57 GMT
Connection: keep-alive
Keep-Alive: timeout=5
Content-Length: 177

{
    "name": "danette.murazik",
    "grade": "Amy Madison",
    "id": "1107034244",
    "age": 1107034244,
    "subjects": [
        "Crime/Detective",
        "Short story",
        "Fantasy"
    ]
}
]]></system-out>
  </testcase>
  <testcase name="testDeleteStudentById" classname="api.test.StudentTests" time="0.062">
    <system-out><![CDATA[HTTP/1.1 200 OK
X-Powered-By: tinyhttp
Access-Control-Allow-Origin: *
Access-Control-Allow-Methods: GET, HEAD, PUT, PATCH, POST, DELETE
Access-Control-Allow-Headers: content-type
Content-Type: application/json
Date: Tue, 18 Feb 2025 13:48:57 GMT
Connection: keep-alive
Keep-Alive: timeout=5
Content-Length: 177

{
    "name": "danette.murazik",
    "grade": "Amy Madison",
    "id": "1107034244",
    "age": 1107034244,
    "subjects": [
        "Crime/Detective",
        "Short story",
        "Fantasy"
    ]
}
]]></system-out>
  </testcase>
</testsuite>