<?xml version="1.0" encoding="UTF-8"?>
<!-- Generated by org.testng.reporters.JUnitReportReporter -->
<testsuite hostname="DESKTOP-FSDGJKE" failures="0" tests="1" name="api.test.StudentTests2" time="3.383" errors="0" timestamp="2025-02-18T18:33:08 IST" skipped="0">
  <testcase classname="api.test.StudentTests2" name="testPostUser" time="3.383"/>
  <system-out/>
</testsuite> <!-- api.test.StudentTests2 -->
