<?xml version="1.0" encoding="UTF-8"?>
<!-- Generated by org.testng.reporters.JUnitReportReporter -->
<testsuite hostname="DESKTOP-FSDGJKE" failures="0" tests="12" name="api.test.StudentTestsDataDriven" time="5.820" errors="0" timestamp="2025-02-18T18:55:32 IST" skipped="0">
  <testcase classname="api.test.StudentTestsDataDriven" name="testPostUser" time="5.117"/>
  <system-out/>
  <testcase classname="api.test.StudentTestsDataDriven" name="testPostUser" time="0.145"/>
  <system-out/>
  <testcase classname="api.test.StudentTestsDataDriven" name="testPostUser" time="0.049"/>
  <system-out/>
  <testcase classname="api.test.StudentTestsDataDriven" name="testPostUser" time="0.063"/>
  <system-out/>
  <testcase classname="api.test.StudentTestsDataDriven" name="testGetUserById" time="0.042"/>
  <system-out/>
  <testcase classname="api.test.StudentTestsDataDriven" name="testGetUserById" time="0.088"/>
  <system-out/>
  <testcase classname="api.test.StudentTestsDataDriven" name="testGetUserById" time="0.128"/>
  <system-out/>
  <testcase classname="api.test.StudentTestsDataDriven" name="testGetUserById" time="0.049"/>
  <system-out/>
  <testcase classname="api.test.StudentTestsDataDriven" name="testDeleteStudentById" time="0.031"/>
  <system-out/>
  <testcase classname="api.test.StudentTestsDataDriven" name="testDeleteStudentById" time="0.032"/>
  <system-out/>
  <testcase classname="api.test.StudentTestsDataDriven" name="testDeleteStudentById" time="0.032"/>
  <system-out/>
  <testcase classname="api.test.StudentTestsDataDriven" name="testDeleteStudentById" time="0.044"/>
  <system-out/>
</testsuite> <!-- api.test.StudentTestsDataDriven -->
