<?xml version="1.0" encoding="UTF-8"?>
<!-- Generated by org.testng.reporters.JUnitReportReporter -->
<testsuite hostname="DESKTOP-FSDGJKE" failures="0" tests="12" name="api.test.StudentTestsDataDriven" time="5.204" errors="0" timestamp="2025-02-18T19:18:58 IST" skipped="0">
  <testcase classname="api.test.StudentTestsDataDriven" name="testPostUser" time="0.093"/>
  <system-out/>
  <testcase classname="api.test.StudentTestsDataDriven" name="testPostUser" time="4.378"/>
  <system-out/>
  <testcase classname="api.test.StudentTestsDataDriven" name="testPostUser" time="0.035"/>
  <system-out/>
  <testcase classname="api.test.StudentTestsDataDriven" name="testPostUser" time="0.036"/>
  <system-out/>
  <testcase classname="api.test.StudentTestsDataDriven" name="testGetUserById" time="0.106"/>
  <system-out/>
  <testcase classname="api.test.StudentTestsDataDriven" name="testGetUserById" time="0.039"/>
  <system-out/>
  <testcase classname="api.test.StudentTestsDataDriven" name="testGetUserById" time="0.033"/>
  <system-out/>
  <testcase classname="api.test.StudentTestsDataDriven" name="testGetUserById" time="0.038"/>
  <system-out/>
  <testcase classname="api.test.StudentTestsDataDriven" name="testDeleteStudentById" time="0.036"/>
  <system-out/>
  <testcase classname="api.test.StudentTestsDataDriven" name="testDeleteStudentById" time="0.147"/>
  <system-out/>
  <testcase classname="api.test.StudentTestsDataDriven" name="testDeleteStudentById" time="0.142"/>
  <system-out/>
  <testcase classname="api.test.StudentTestsDataDriven" name="testDeleteStudentById" time="0.121"/>
  <system-out/>
</testsuite> <!-- api.test.StudentTestsDataDriven -->
