<?xml version="1.0" encoding="UTF-8"?>
<!-- Generated by org.testng.reporters.JUnitReportReporter -->
<testsuite hostname="DESKTOP-FSDGJKE" failures="0" tests="4" name="api.test.StudentTests" time="0.510" errors="0" timestamp="2025-02-18T19:18:58 IST" skipped="0">
  <testcase classname="api.test.StudentTests" name="testPostUser" time="0.115"/>
  <system-out/>
  <testcase classname="api.test.StudentTests" name="testGetUserById" time="0.119"/>
  <system-out/>
  <testcase classname="api.test.StudentTests" name="testUpdateUserById" time="0.211"/>
  <system-out/>
  <testcase classname="api.test.StudentTests" name="testDeleteStudentById" time="0.065"/>
  <system-out/>
</testsuite> <!-- api.test.StudentTests -->
